{"level":"info","message":"---------------------- Marantz SR7400/SR8400 Web Service---------------------- ","timestamp":"2015-03-29T05:38:55.160Z"}
{"level":"warn","message":"Zeroconf advertising not started due to unsupported OS: win32","timestamp":"2015-03-29T05:38:55.172Z"}
{"level":"info","message":"HTTP server running at http://192.168.1.3:8085","timestamp":"2015-03-29T05:38:55.173Z"}
{"request":"/","response":"ok","level":"info","message":"","timestamp":"2015-03-29T05:38:55.305Z"}
{"request":"/app.css","response":"ok","level":"info","message":"","timestamp":"2015-03-29T05:38:55.361Z"}
{"request":"/marantz-sr7400.jpg","response":"ok","level":"info","message":"","timestamp":"2015-03-29T05:38:55.384Z"}
{"request":"/favicon.ico","response":"ok","level":"info","message":"","timestamp":"2015-03-29T05:38:55.441Z"}
{"request":"/api/config/settings","response":"ok","level":"info","message":"","timestamp":"2015-03-29T05:39:04.785Z"}
{"request":"/api/log/errors","response":"ok","level":"info","message":"","timestamp":"2015-03-29T05:39:10.124Z"}
{"request":"/api/log/requests","response":"ok","level":"info","message":"","timestamp":"2015-03-29T05:39:14.161Z"}
{"request":"/","response":"ok","level":"info","message":"","timestamp":"2015-03-29T05:45:15.130Z"}
{"request":"/app.css","response":"ok","level":"info","message":"","timestamp":"2015-03-29T05:45:15.202Z"}
{"request":"/marantz-sr7400.jpg","response":"ok","level":"info","message":"","timestamp":"2015-03-29T05:45:15.210Z"}
{"request":"/favicon.ico","response":"ok","level":"info","message":"","timestamp":"2015-03-29T05:45:16.640Z"}
{"request":"/","response":"ok","level":"info","message":"","timestamp":"2015-03-29T05:49:11.045Z"}
{"request":"/app.css","response":"ok","level":"info","message":"","timestamp":"2015-03-29T05:49:11.107Z"}
{"request":"/marantz-sr7400.jpg","response":"ok","level":"info","message":"","timestamp":"2015-03-29T05:49:11.110Z"}
{"request":"/favicon.ico","response":"ok","level":"info","message":"","timestamp":"2015-03-29T05:49:11.752Z"}
{"level":"info","message":"---------------------- Marantz SR7400/SR8400 Web Service---------------------- ","timestamp":"2015-03-29T05:54:35.631Z"}
{"level":"warn","message":"Zeroconf advertising not started due to unsupported OS: win32","timestamp":"2015-03-29T05:54:35.657Z"}
{"level":"info","message":"HTTP server running at http://192.168.1.3:8085","timestamp":"2015-03-29T05:54:35.658Z"}
{"request":"/","response":"ok","level":"info","message":"","timestamp":"2015-03-29T05:54:53.267Z"}
{"request":"/app.css","response":"ok","level":"info","message":"","timestamp":"2015-03-29T05:54:53.357Z"}
{"request":"/marantz-sr7400.jpg","response":"ok","level":"info","message":"","timestamp":"2015-03-29T05:54:53.360Z"}
{"request":"/","response":"ok","level":"info","message":"","timestamp":"2015-03-29T05:56:09.050Z"}
{"request":"/app.css","response":"ok","level":"info","message":"","timestamp":"2015-03-29T05:56:09.109Z"}
{"request":"/marantz-sr7400.jpg","response":"ok","level":"info","message":"","timestamp":"2015-03-29T05:56:09.111Z"}
{"request":"/favicon.ico","response":"ok","level":"info","message":"","timestamp":"2015-03-29T05:56:09.740Z"}
{"level":"info","message":"---------------------- Marantz SR7400/SR8400 Web Service---------------------- ","timestamp":"2015-03-30T07:35:26.715Z"}
{"level":"warn","message":"Zeroconf advertising not started due to unsupported OS: win32","timestamp":"2015-03-30T07:35:26.734Z"}
{"level":"info","message":"HTTP server running at http://192.168.1.3:8085","timestamp":"2015-03-30T07:35:26.735Z"}
{"request":"/","response":"ok","level":"info","message":"","timestamp":"2015-03-30T07:35:42.842Z"}
{"request":"/app.css","response":"ok","level":"info","message":"","timestamp":"2015-03-30T07:35:42.944Z"}
{"request":"/marantz-sr7400.jpg","response":"ok","level":"info","message":"","timestamp":"2015-03-30T07:35:42.951Z"}
{"request":"/","response":"ok","level":"info","message":"","timestamp":"2015-03-30T07:39:11.334Z"}
{"request":"/app.css","response":"ok","level":"info","message":"","timestamp":"2015-03-30T07:39:11.401Z"}
{"request":"/marantz-sr7400.jpg","response":"ok","level":"info","message":"","timestamp":"2015-03-30T07:39:11.407Z"}
{"request":"/favicon.ico","response":"ok","level":"info","message":"","timestamp":"2015-03-30T07:39:12.017Z"}
{"request":"/","response":"ok","level":"info","message":"","timestamp":"2015-03-30T07:40:06.598Z"}
{"request":"/app.css","response":"ok","level":"info","message":"","timestamp":"2015-03-30T07:40:06.669Z"}
{"request":"/marantz-sr7400.jpg","response":"ok","level":"info","message":"","timestamp":"2015-03-30T07:40:06.674Z"}
{"request":"/favicon.ico","response":"ok","level":"info","message":"","timestamp":"2015-03-30T07:40:07.227Z"}
{"request":"/","response":"ok","level":"info","message":"","timestamp":"2015-03-30T07:40:36.802Z"}
{"request":"/app.css","response":"ok","level":"info","message":"","timestamp":"2015-03-30T07:40:36.852Z"}
{"request":"/marantz-sr7400.jpg","response":"ok","level":"info","message":"","timestamp":"2015-03-30T07:40:36.862Z"}
{"request":"/favicon.ico","response":"ok","level":"info","message":"","timestamp":"2015-03-30T07:40:37.463Z"}
{"request":"/","response":"ok","level":"info","message":"","timestamp":"2015-03-30T07:41:18.886Z"}
{"request":"/app.css","response":"ok","level":"info","message":"","timestamp":"2015-03-30T07:41:18.949Z"}
{"request":"/marantz-sr7400.jpg","response":"ok","level":"info","message":"","timestamp":"2015-03-30T07:41:18.952Z"}
{"request":"/favicon.ico","response":"ok","level":"info","message":"","timestamp":"2015-03-30T07:41:19.519Z"}
{"request":"/","response":"ok","level":"info","message":"","timestamp":"2015-03-30T07:42:38.665Z"}
{"request":"/app.css","response":"ok","level":"info","message":"","timestamp":"2015-03-30T07:42:38.723Z"}
{"request":"/marantz-sr7400.jpg","response":"ok","level":"info","message":"","timestamp":"2015-03-30T07:42:38.725Z"}
{"request":"/favicon.ico","response":"ok","level":"info","message":"","timestamp":"2015-03-30T07:42:39.292Z"}
{"request":"/","response":"ok","level":"info","message":"","timestamp":"2015-03-30T07:44:00.715Z"}
{"request":"/app.css","response":"ok","level":"info","message":"","timestamp":"2015-03-30T07:44:00.777Z"}
{"request":"/marantz-sr7400.jpg","response":"ok","level":"info","message":"","timestamp":"2015-03-30T07:44:00.786Z"}
{"request":"/favicon.ico","response":"ok","level":"info","message":"","timestamp":"2015-03-30T07:44:01.351Z"}
{"request":"/","response":"ok","level":"info","message":"","timestamp":"2015-03-30T07:45:38.932Z"}
{"request":"/app.css","response":"ok","level":"info","message":"","timestamp":"2015-03-30T07:45:38.996Z"}
{"request":"/marantz-sr7400.jpg","response":"ok","level":"info","message":"","timestamp":"2015-03-30T07:45:38.998Z"}
{"request":"/favicon.ico","response":"ok","level":"info","message":"","timestamp":"2015-03-30T07:45:39.713Z"}
{"request":"/","response":"ok","level":"info","message":"","timestamp":"2015-03-30T07:46:10.083Z"}
{"request":"/app.css","response":"ok","level":"info","message":"","timestamp":"2015-03-30T07:46:10.139Z"}
{"request":"/marantz-sr7400.jpg","response":"ok","level":"info","message":"","timestamp":"2015-03-30T07:46:10.145Z"}
{"request":"/favicon.ico","response":"ok","level":"info","message":"","timestamp":"2015-03-30T07:46:10.693Z"}
{"request":"/","response":"ok","level":"info","message":"","timestamp":"2015-03-30T07:46:36.496Z"}
{"request":"/app.css","response":"ok","level":"info","message":"","timestamp":"2015-03-30T07:46:36.555Z"}
{"request":"/marantz-sr7400.jpg","response":"ok","level":"info","message":"","timestamp":"2015-03-30T07:46:36.565Z"}
{"request":"/favicon.ico","response":"ok","level":"info","message":"","timestamp":"2015-03-30T07:46:37.134Z"}
{"request":"/","response":"ok","level":"info","message":"","timestamp":"2015-03-30T07:47:09.114Z"}
{"request":"/app.css","response":"ok","level":"info","message":"","timestamp":"2015-03-30T07:47:09.166Z"}
{"request":"/marantz-sr7400.jpg","response":"ok","level":"info","message":"","timestamp":"2015-03-30T07:47:09.177Z"}
{"request":"/favicon.ico","response":"ok","level":"info","message":"","timestamp":"2015-03-30T07:47:09.737Z"}
{"request":"/","response":"ok","level":"info","message":"","timestamp":"2015-03-30T07:48:06.209Z"}
{"request":"/app.css","response":"ok","level":"info","message":"","timestamp":"2015-03-30T07:48:06.280Z"}
{"request":"/marantz-sr7400.jpg","response":"ok","level":"info","message":"","timestamp":"2015-03-30T07:48:06.285Z"}
{"request":"/favicon.ico","response":"ok","level":"info","message":"","timestamp":"2015-03-30T07:48:06.845Z"}
{"request":"/","response":"ok","level":"info","message":"","timestamp":"2015-03-30T07:50:05.511Z"}
{"request":"/app.css","response":"ok","level":"info","message":"","timestamp":"2015-03-30T07:50:05.572Z"}
{"request":"/marantz-sr7400.jpg","response":"ok","level":"info","message":"","timestamp":"2015-03-30T07:50:05.580Z"}
{"request":"/favicon.ico","response":"ok","level":"info","message":"","timestamp":"2015-03-30T07:50:06.176Z"}
{"request":"/","response":"ok","level":"info","message":"","timestamp":"2015-03-30T07:51:08.708Z"}
{"request":"/app.css","response":"ok","level":"info","message":"","timestamp":"2015-03-30T07:51:08.764Z"}
{"request":"/marantz-sr7400.jpg","response":"ok","level":"info","message":"","timestamp":"2015-03-30T07:51:08.771Z"}
{"request":"/favicon.ico","response":"ok","level":"info","message":"","timestamp":"2015-03-30T07:51:09.360Z"}
{"request":"/","response":"ok","level":"info","message":"","timestamp":"2015-03-30T07:52:04.754Z"}
{"request":"/app.css","response":"ok","level":"info","message":"","timestamp":"2015-03-30T07:52:04.816Z"}
{"request":"/marantz-sr7400.jpg","response":"ok","level":"info","message":"","timestamp":"2015-03-30T07:52:04.822Z"}
{"request":"/favicon.ico","response":"ok","level":"info","message":"","timestamp":"2015-03-30T07:52:05.393Z"}
{"request":"/","response":"ok","level":"info","message":"","timestamp":"2015-03-30T07:54:50.002Z"}
{"request":"/app.css","response":"ok","level":"info","message":"","timestamp":"2015-03-30T07:54:50.060Z"}
{"request":"/marantz-sr7400.jpg","response":"ok","level":"info","message":"","timestamp":"2015-03-30T07:54:50.066Z"}
{"request":"/favicon.ico","response":"ok","level":"info","message":"","timestamp":"2015-03-30T07:54:50.688Z"}
{"request":"/","response":"ok","level":"info","message":"","timestamp":"2015-03-30T07:55:31.940Z"}
{"request":"/app.css","response":"ok","level":"info","message":"","timestamp":"2015-03-30T07:55:31.996Z"}
{"request":"/marantz-sr7400.jpg","response":"ok","level":"info","message":"","timestamp":"2015-03-30T07:55:32.004Z"}
{"request":"/favicon.ico","response":"ok","level":"info","message":"","timestamp":"2015-03-30T07:55:32.562Z"}
{"request":"/","response":"ok","level":"info","message":"","timestamp":"2015-03-30T07:56:44.938Z"}
{"request":"/app.css","response":"ok","level":"info","message":"","timestamp":"2015-03-30T07:56:44.996Z"}
{"request":"/marantz-sr7400.jpg","response":"ok","level":"info","message":"","timestamp":"2015-03-30T07:56:45.003Z"}
{"request":"/favicon.ico","response":"ok","level":"info","message":"","timestamp":"2015-03-30T07:56:45.620Z"}
{"request":"/","response":"ok","level":"info","message":"","timestamp":"2015-03-30T07:57:27.667Z"}
{"request":"/app.css","response":"ok","level":"info","message":"","timestamp":"2015-03-30T07:57:27.729Z"}
{"request":"/marantz-sr7400.jpg","response":"ok","level":"info","message":"","timestamp":"2015-03-30T07:57:27.735Z"}
{"request":"/favicon.ico","response":"ok","level":"info","message":"","timestamp":"2015-03-30T07:57:28.520Z"}
{"request":"/","response":"ok","level":"info","message":"","timestamp":"2015-03-30T07:59:57.024Z"}
{"request":"/app.css","response":"ok","level":"info","message":"","timestamp":"2015-03-30T07:59:57.079Z"}
{"request":"/marantz-sr7400.jpg","response":"ok","level":"info","message":"","timestamp":"2015-03-30T07:59:57.085Z"}
{"request":"/favicon.ico","response":"ok","level":"info","message":"","timestamp":"2015-03-30T07:59:57.873Z"}
{"request":"/api/command/get_power_status","result":"OFF","level":"info","message":"++ SR7400 Command successful ++","timestamp":"2015-03-30T09:53:51.763Z"}
{"request":"/","response":"ok","level":"info","message":"","timestamp":"2015-03-30T09:57:53.957Z"}
{"request":"/app.css","response":"ok","level":"info","message":"","timestamp":"2015-03-30T09:57:54.018Z"}
{"request":"/marantz-sr7400.jpg","response":"ok","level":"info","message":"","timestamp":"2015-03-30T09:57:54.025Z"}
{"request":"/favicon.ico","response":"ok","level":"info","message":"","timestamp":"2015-03-30T09:57:55.761Z"}
{"request":"/","response":"ok","level":"info","message":"","timestamp":"2015-03-30T09:58:35.242Z"}
{"request":"/app.css","response":"ok","level":"info","message":"","timestamp":"2015-03-30T09:58:35.297Z"}
{"request":"/marantz-sr7400.jpg","response":"ok","level":"info","message":"","timestamp":"2015-03-30T09:58:35.304Z"}
{"request":"/favicon.ico","response":"ok","level":"info","message":"","timestamp":"2015-03-30T09:58:36.543Z"}
{"request":"/","response":"ok","level":"info","message":"","timestamp":"2015-03-30T10:01:03.141Z"}
{"request":"/app.css","response":"ok","level":"info","message":"","timestamp":"2015-03-30T10:01:03.208Z"}
{"request":"/marantz-sr7400.jpg","response":"ok","level":"info","message":"","timestamp":"2015-03-30T10:01:03.217Z"}
{"request":"/favicon.ico","response":"ok","level":"info","message":"","timestamp":"2015-03-30T10:01:04.587Z"}
{"request":"/","response":"ok","level":"info","message":"","timestamp":"2015-03-30T10:02:11.299Z"}
{"request":"/app.css","response":"ok","level":"info","message":"","timestamp":"2015-03-30T10:02:11.358Z"}
{"request":"/marantz-sr7400.jpg","response":"ok","level":"info","message":"","timestamp":"2015-03-30T10:02:11.365Z"}
{"request":"/favicon.ico","response":"ok","level":"info","message":"","timestamp":"2015-03-30T10:02:12.812Z"}
{"request":"/","response":"ok","level":"info","message":"","timestamp":"2015-03-30T10:02:27.472Z"}
{"request":"/app.css","response":"ok","level":"info","message":"","timestamp":"2015-03-30T10:02:27.513Z"}
{"request":"/marantz-sr7400.jpg","response":"ok","level":"info","message":"","timestamp":"2015-03-30T10:02:27.514Z"}
{"request":"/favicon.ico","response":"ok","level":"info","message":"","timestamp":"2015-03-30T10:02:28.629Z"}
{"request":"/","response":"ok","level":"info","message":"","timestamp":"2015-03-30T10:04:46.403Z"}
{"request":"/app.css","response":"ok","level":"info","message":"","timestamp":"2015-03-30T10:04:46.456Z"}
{"request":"/marantz-sr7400.jpg","response":"ok","level":"info","message":"","timestamp":"2015-03-30T10:04:46.463Z"}
{"request":"/favicon.ico","response":"ok","level":"info","message":"","timestamp":"2015-03-30T10:04:47.661Z"}
{"request":"/","response":"ok","level":"info","message":"","timestamp":"2015-03-30T10:08:17.062Z"}
{"request":"/app.css","response":"ok","level":"info","message":"","timestamp":"2015-03-30T10:08:17.177Z"}
{"request":"/marantz-sr7400.jpg","response":"ok","level":"info","message":"","timestamp":"2015-03-30T10:08:17.184Z"}
{"request":"/favicon.ico","response":"ok","level":"info","message":"","timestamp":"2015-03-30T10:08:18.303Z"}
{"request":"/","response":"ok","level":"info","message":"","timestamp":"2015-03-30T10:08:47.397Z"}
{"request":"/app.css","response":"ok","level":"info","message":"","timestamp":"2015-03-30T10:08:47.452Z"}
{"request":"/marantz-sr7400.jpg","response":"ok","level":"info","message":"","timestamp":"2015-03-30T10:08:47.453Z"}
{"request":"/favicon.ico","response":"ok","level":"info","message":"","timestamp":"2015-03-30T10:08:48.833Z"}
{"request":"/","response":"ok","level":"info","message":"","timestamp":"2015-03-30T10:10:09.980Z"}
{"request":"/app.css","response":"ok","level":"info","message":"","timestamp":"2015-03-30T10:10:10.030Z"}
{"request":"/marantz-sr7400.jpg","response":"ok","level":"info","message":"","timestamp":"2015-03-30T10:10:10.036Z"}
{"request":"/favicon.ico","response":"ok","level":"info","message":"","timestamp":"2015-03-30T10:10:11.406Z"}
{"request":"/","response":"ok","level":"info","message":"","timestamp":"2015-03-30T10:11:16.265Z"}
{"request":"/app.css","response":"ok","level":"info","message":"","timestamp":"2015-03-30T10:11:16.344Z"}
{"request":"/marantz-sr7400.jpg","response":"ok","level":"info","message":"","timestamp":"2015-03-30T10:11:16.346Z"}
{"request":"/favicon.ico","response":"ok","level":"info","message":"","timestamp":"2015-03-30T10:11:17.633Z"}
